2020-04-28 09:29:29.368 [main] INFO  o.s.c.s.PostProcessorRegistrationDelegate$BeanPostProcessorChecker:330 - Bean 'org.springframework.cloud.autoconfigure.ConfigurationPropertiesRebinderAutoConfiguration' of type [org.springframework.cloud.autoconfigure.ConfigurationPropertiesRebinderAutoConfiguration] is not eligible for getting processed by all BeanPostProcessors (for example: not eligible for auto-proxying)
2020-04-28 09:29:30.886 [main] INFO  cuit.hyl.graduation.project_ui.WordExport:651 - No active profile set, falling back to default profiles: default
2020-04-28 09:29:35.258 [main] WARN  o.springframework.boot.actuate.endpoint.EndpointId:155 - Endpoint ID 'service-registry' contains invalid characters, please migrate to a valid format.
2020-04-28 09:29:35.732 [main] INFO  o.springframework.cloud.context.scope.GenericScope:295 - BeanFactory id=4494498e-7434-3661-9696-342c202fa195
2020-04-28 09:29:36.554 [main] INFO  o.s.c.s.PostProcessorRegistrationDelegate$BeanPostProcessorChecker:330 - Bean 'cuit.hyl.graduation.project_ui.service.feign.FastDFSService' of type [org.springframework.cloud.openfeign.FeignClientFactoryBean] is not eligible for getting processed by all BeanPostProcessors (for example: not eligible for auto-proxying)
2020-04-28 09:29:36.623 [main] INFO  o.s.c.s.PostProcessorRegistrationDelegate$BeanPostProcessorChecker:330 - Bean 'org.springframework.transaction.annotation.ProxyTransactionManagementConfiguration' of type [org.springframework.transaction.annotation.ProxyTransactionManagementConfiguration] is not eligible for getting processed by all BeanPostProcessors (for example: not eligible for auto-proxying)
2020-04-28 09:29:36.915 [main] INFO  o.s.c.s.PostProcessorRegistrationDelegate$BeanPostProcessorChecker:330 - Bean 'org.springframework.security.config.annotation.configuration.ObjectPostProcessorConfiguration' of type [org.springframework.security.config.annotation.configuration.ObjectPostProcessorConfiguration] is not eligible for getting processed by all BeanPostProcessors (for example: not eligible for auto-proxying)
2020-04-28 09:29:36.935 [main] INFO  o.s.c.s.PostProcessorRegistrationDelegate$BeanPostProcessorChecker:330 - Bean 'objectPostProcessor' of type [org.springframework.security.config.annotation.configuration.AutowireBeanFactoryObjectPostProcessor] is not eligible for getting processed by all BeanPostProcessors (for example: not eligible for auto-proxying)
2020-04-28 09:29:36.950 [main] INFO  o.s.c.s.PostProcessorRegistrationDelegate$BeanPostProcessorChecker:330 - Bean 'org.springframework.security.access.expression.method.DefaultMethodSecurityExpressionHandler@361cd35c' of type [org.springframework.security.oauth2.provider.expression.OAuth2MethodSecurityExpressionHandler] is not eligible for getting processed by all BeanPostProcessors (for example: not eligible for auto-proxying)
2020-04-28 09:29:36.961 [main] INFO  o.s.c.s.PostProcessorRegistrationDelegate$BeanPostProcessorChecker:330 - Bean 'org.springframework.security.config.annotation.method.configuration.GlobalMethodSecurityConfiguration' of type [org.springframework.security.config.annotation.method.configuration.GlobalMethodSecurityConfiguration] is not eligible for getting processed by all BeanPostProcessors (for example: not eligible for auto-proxying)
2020-04-28 09:29:36.971 [main] INFO  o.s.c.s.PostProcessorRegistrationDelegate$BeanPostProcessorChecker:330 - Bean 'org.springframework.security.config.annotation.method.configuration.Jsr250MetadataSourceConfiguration' of type [org.springframework.security.config.annotation.method.configuration.Jsr250MetadataSourceConfiguration] is not eligible for getting processed by all BeanPostProcessors (for example: not eligible for auto-proxying)
2020-04-28 09:29:36.977 [main] INFO  o.s.c.s.PostProcessorRegistrationDelegate$BeanPostProcessorChecker:330 - Bean 'jsr250MethodSecurityMetadataSource' of type [org.springframework.security.access.annotation.Jsr250MethodSecurityMetadataSource] is not eligible for getting processed by all BeanPostProcessors (for example: not eligible for auto-proxying)
2020-04-28 09:29:36.983 [main] INFO  o.s.c.s.PostProcessorRegistrationDelegate$BeanPostProcessorChecker:330 - Bean 'methodSecurityMetadataSource' of type [org.springframework.security.access.method.DelegatingMethodSecurityMetadataSource] is not eligible for getting processed by all BeanPostProcessors (for example: not eligible for auto-proxying)
2020-04-28 09:29:37.013 [main] INFO  o.s.c.s.PostProcessorRegistrationDelegate$BeanPostProcessorChecker:330 - Bean 'org.springframework.cloud.autoconfigure.ConfigurationPropertiesRebinderAutoConfiguration' of type [org.springframework.cloud.autoconfigure.ConfigurationPropertiesRebinderAutoConfiguration] is not eligible for getting processed by all BeanPostProcessors (for example: not eligible for auto-proxying)
2020-04-28 09:29:38.425 [main] WARN  com.netflix.config.sources.URLConfigurationSource:121 - No URLs will be polled as dynamic configuration sources.
2020-04-28 09:29:38.426 [main] INFO  com.netflix.config.sources.URLConfigurationSource:122 - To enable URLs as dynamic configuration sources, define System property archaius.configurationSource.additionalUrls or make config.properties available on classpath.
2020-04-28 09:29:38.510 [main] INFO  com.netflix.config.DynamicPropertyFactory:281 - DynamicPropertyFactory is initialized with configuration sources: com.netflix.config.ConcurrentCompositeConfiguration@539fc5d1
2020-04-28 09:29:41.084 [main] INFO  o.s.b.actuate.endpoint.web.EndpointLinksResolver:58 - Exposing 2 endpoint(s) beneath base path '/actuator'
2020-04-28 09:29:42.517 [main] INFO  s.d.s.w.PropertySourcedRequestMappingHandlerMapping:69 - Mapped URL path [/v2/api-docs] onto method [springfox.documentation.swagger2.web.Swagger2Controller#getDocumentation(String, HttpServletRequest)]
2020-04-28 09:29:43.108 [main] WARN  com.netflix.config.sources.URLConfigurationSource:121 - No URLs will be polled as dynamic configuration sources.
2020-04-28 09:29:43.109 [main] INFO  com.netflix.config.sources.URLConfigurationSource:122 - To enable URLs as dynamic configuration sources, define System property archaius.configurationSource.additionalUrls or make config.properties available on classpath.
2020-04-28 09:29:43.696 [main] INFO  o.s.b.a.s.s.UserDetailsServiceAutoConfiguration:86 - 

Using generated security password: 4f33f033-0783-4b5c-8693-ea669fcaae94

2020-04-28 09:29:44.251 [main] INFO  o.s.security.web.DefaultSecurityFilterChain:43 - Creating filter chain: any request, [org.springframework.security.web.context.request.async.WebAsyncManagerIntegrationFilter@2bc59ab7, org.springframework.security.web.context.SecurityContextPersistenceFilter@1169fdfd, org.springframework.security.web.header.HeaderWriterFilter@6774f264, org.springframework.security.web.authentication.logout.LogoutFilter@13aa54f1, org.springframework.security.oauth2.provider.authentication.OAuth2AuthenticationProcessingFilter@62b42406, org.springframework.security.web.savedrequest.RequestCacheAwareFilter@224d537d, org.springframework.security.web.servletapi.SecurityContextHolderAwareRequestFilter@48f4f03e, org.springframework.security.web.authentication.AnonymousAuthenticationFilter@410f53b2, org.springframework.security.web.session.SessionManagementFilter@5cd71ee2, org.springframework.security.web.access.ExceptionTranslationFilter@18b3db6e, org.springframework.security.web.access.intercept.FilterSecurityInterceptor@3c2dda7c]
2020-04-28 09:29:47.007 [main] WARN  o.s.c.l.c.BlockingLoadBalancerClientAutoConfiguration$BlockingLoadBalancerClientRibbonWarnLogger:106 - You already have RibbonLoadBalancerClient on your classpath. It will be used by default. As Spring Cloud Ribbon is in maintenance mode. We recommend switching to BlockingLoadBalancerClient instead. In order to use it, set the value of `spring.cloud.loadbalancer.ribbon.enabled` to `false` or remove spring-cloud-starter-netflix-ribbon from your project.
2020-04-28 09:29:47.128 [main] WARN  o.s.c.l.c.LoadBalancerCacheAutoConfiguration$LoadBalancerCaffeineWarnLogger:81 - Spring Cloud LoadBalancer is currently working with default default cache. You can switch to using Caffeine cache, by adding it to the classpath.
2020-04-28 09:29:47.220 [main] INFO  s.d.s.web.plugins.DocumentationPluginsBootstrapper:160 - Context refreshed
2020-04-28 09:29:47.287 [main] INFO  s.d.s.web.plugins.DocumentationPluginsBootstrapper:163 - Found 1 custom documentation plugin(s)
2020-04-28 09:29:47.410 [main] INFO  s.d.spring.web.scanners.ApiListingReferenceScanner:41 - Scanning for api listing references
2020-04-28 09:29:47.650 [main] INFO  s.d.s.w.r.operation.CachingOperationNameGenerator:40 - Generating unique operation named: queryInitInfoUsingGET_1
2020-04-28 09:29:47.656 [main] INFO  s.d.s.w.r.operation.CachingOperationNameGenerator:40 - Generating unique operation named: initInfoUsingPOST_1
2020-04-28 09:29:47.671 [main] INFO  s.d.s.w.r.operation.CachingOperationNameGenerator:40 - Generating unique operation named: exportExcelUsingPOST_1
2020-04-28 09:29:47.679 [main] INFO  s.d.s.w.r.operation.CachingOperationNameGenerator:40 - Generating unique operation named: importExcelUsingPOST_1
2020-04-28 09:29:47.683 [main] INFO  s.d.s.w.r.operation.CachingOperationNameGenerator:40 - Generating unique operation named: initInfoUsingPOST_2
2020-04-28 09:29:47.688 [main] INFO  s.d.s.w.r.operation.CachingOperationNameGenerator:40 - Generating unique operation named: queryAllUsingGET_1
2020-04-28 09:29:47.692 [main] INFO  s.d.s.w.r.operation.CachingOperationNameGenerator:40 - Generating unique operation named: initInfoUsingPOST_3
2020-04-28 09:29:47.696 [main] INFO  s.d.s.w.r.operation.CachingOperationNameGenerator:40 - Generating unique operation named: queryAllUsingGET_2
2020-04-28 09:29:47.700 [main] INFO  s.d.s.w.r.operation.CachingOperationNameGenerator:40 - Generating unique operation named: queryAllVersionUsingGET_1
2020-04-28 09:29:47.704 [main] INFO  s.d.s.w.r.operation.CachingOperationNameGenerator:40 - Generating unique operation named: queryByVersionUsingGET_1
2020-04-28 09:29:47.708 [main] INFO  s.d.s.w.r.operation.CachingOperationNameGenerator:40 - Generating unique operation named: queryInitInfoUsingGET_2
2020-04-28 09:29:47.741 [main] INFO  cuit.hyl.graduation.project_ui.WordExport:61 - Started WordExport in 21.05 seconds (JVM running for 23.986)
2020-04-28 09:29:49.612 [SpringContextShutdownHook] INFO  o.s.cloud.netflix.eureka.InstanceInfoFactory:72 - Setting initial instance status as: STARTING
2020-04-28 09:29:49.618 [SpringContextShutdownHook] INFO  o.s.c.n.e.serviceregistry.EurekaServiceRegistry:65 - Unregistering application UI with eureka with status DOWN
